#
# A fatal error has been detected by the Java Runtime Environment:
#
#  EXCEPTION_ACCESS_VIOLATION (0xc0000005) at pc=0x0000000005110fac, pid=11996, tid=0x000000000000329c
#
# JRE version: OpenJDK Runtime Environment (8.0_202-b03) (build 1.8.0_202-release-1483-b03)
# Java VM: OpenJDK 64-Bit Server VM (25.202-b03 mixed mode windows-amd64 compressed oops)
# Problematic frame:
# J 15615 C1 java.util.concurrent.ConcurrentHashMap$Traverser.advance()Ljava/util/concurrent/ConcurrentHashMap$Node; (188 bytes) @ 0x0000000005110fac [0x0000000005110d40+0x26c]
#
# Failed to write core dump. Minidumps are not enabled by default on client versions of Windows
#
# If you would like to submit a bug report, please visit:
#   http://bugreport.java.com/bugreport/crash.jsp
#

---------------  T H R E A D  ---------------

Current thread (0x000000001bb96800):  JavaThread "WorkerExecutor Queue Thread 4" [_thread_in_Java, id=12956, stack(0x0000000025f70000,0x0000000026070000)]

siginfo: ExceptionCode=0xc0000005, reading address 0x0000000000020008

Registers:
RAX=0x000000000002c51d, RBX=0x000000000000e227, RCX=0x0000000000000002, RDX=0x00000000e44e5e18
RSP=0x000000002606d8a0, RBP=0x00000000e44ba9f8, RSI=0x00000000a4bb5d30, RDI=0x0000000000010000
R8 =0x0000000000020000, R9 =0x00000001000326e8, R10=0x0000000000000010, R11=0x00000000a4dc9ee8
R12=0x0000000000000000, R13=0x000000002606db80, R14=0x000000002606dc00, R15=0x000000001bb96800
RIP=0x0000000005110fac, EFLAGS=0x0000000000010206

Top of Stack: (sp=0x000000002606d8a0)
0x000000002606d8a0:   ffffffffffffffff 0000000019e79c58
0x000000002606d8b0:   000000002606db80 0000000000000000
0x000000002606d8c0:   00000000a4e1a170 00000001001730d8
0x000000002606d8d0:   0000000027b08a08 0000000000009419
0x000000002606d8e0:   0000000000000000 0000000019e77480
0x000000002606d8f0:   000000002606d920 000000002606d920
0x000000002606d900:   00000000e44e5e18 0000000000000000
0x000000002606d910:   0000000027b08a08 00000001001730d8
0x000000002606d920:   00000000e44ba9f8 000000000541dd54
0x000000002606d930:   ffffffffffffffff 0000000019e77480
0x000000002606d940:   000000002606d970 000000002606d970
0x000000002606d950:   00000000a4ca82c0 0000000015cf9ad8
0x000000002606d960:   0000000000000028 00000000f17bad20
0x000000002606d970:   00000000e44ba9f8 00000000050704cc
0x000000002606d980:   000000000000007b 0000000015cf9ad8
0x000000002606d990:   000000001ed55ea0 000000bd51a06628 

Instructions: (pc=0x0000000005110fac)
0x0000000005110f8c:   9e dd 15 00 00 00 00 81 89 30 01 00 00 00 01 00
0x0000000005110f9c:   00 e9 c3 00 00 00 49 b9 e8 26 03 00 01 00 00 00
0x0000000005110fac:   41 8b 48 08 48 c1 e1 03 4c 3b 49 30 0f 85 8b 00
0x0000000005110fbc:   00 00 48 b9 c0 9e dd 15 00 00 00 00 45 8b 48 08 


Register to memory mapping:

RAX=0x000000000002c51d is an unknown value
RBX=0x000000000000e227 is an unknown value
RCX=0x0000000000000002 is an unknown value
RDX=0x00000000e44e5e18 is an oop
java.util.concurrent.ConcurrentHashMap$ValueIterator 
 - klass: 'java/util/concurrent/ConcurrentHashMap$ValueIterator'
RSP=0x000000002606d8a0 is pointing into the stack for thread: 0x000000001bb96800
RBP=0x00000000e44ba9f8 is an oop
java.util.ArrayList 
 - klass: 'java/util/ArrayList'
RSI=0x00000000a4bb5d30 is an oop
[Ljava.util.concurrent.ConcurrentHashMap$Node; 
 - klass: 'java/util/concurrent/ConcurrentHashMap$Node'[]
 - length: 65536
RDI=0x0000000000010000 is an unknown value
R8 =0x0000000000020000 is an unknown value
R9 =0x00000001000326e8 is pointing into metadata
R10=0x0000000000000010 is an unknown value
R11=0x00000000a4dc9ee8 is an oop
java.util.concurrent.ConcurrentHashMap$Node 
 - klass: 'java/util/concurrent/ConcurrentHashMap$Node'
R12=0x0000000000000000 is an unknown value
R13=0x000000002606db80 is pointing into the stack for thread: 0x000000001bb96800
R14=0x000000002606dc00 is pointing into the stack for thread: 0x000000001bb96800
R15=0x000000001bb96800 is a thread


Stack: [0x0000000025f70000,0x0000000026070000],  sp=0x000000002606d8a0,  free space=1014k
Native frames: (J=compiled Java code, j=interpreted, Vv=VM code, C=native code)
C  0x0000000005110fac


---------------  P R O C E S S  ---------------

Java Threads: ( => current thread )
  0x00000000189fb800 JavaThread "ForkJoinPool-8-worker-0" daemon [_thread_blocked, id=10212, stack(0x0000000027930000,0x0000000027a30000)]
  0x00000000189ef800 JavaThread "ForkJoinPool-8-worker-3" daemon [_thread_blocked, id=13624, stack(0x00000000275f0000,0x00000000276f0000)]
  0x00000000189f6000 JavaThread "ForkJoinPool-8-worker-2" daemon [_thread_blocked, id=13424, stack(0x00000000274f0000,0x00000000275f0000)]
  0x00000000189ee800 JavaThread "ForkJoinPool-8-worker-1" daemon [_thread_blocked, id=15236, stack(0x00000000273f0000,0x00000000274f0000)]
  0x00000000189f4800 JavaThread "ForkJoinPool.commonPool-worker-2" daemon [_thread_blocked, id=6308, stack(0x0000000027050000,0x0000000027150000)]
  0x00000000189f4000 JavaThread "ForkJoinPool.commonPool-worker-1" daemon [_thread_blocked, id=11588, stack(0x0000000026f50000,0x0000000027050000)]
  0x00000000189f3000 JavaThread "stdout" [_thread_in_native, id=13980, stack(0x0000000026c50000,0x0000000026d50000)]
  0x00000000189f1800 JavaThread "stderr" [_thread_in_native, id=592, stack(0x0000000026b50000,0x0000000026c50000)]
  0x00000000189ee000 JavaThread "stdout" [_thread_in_native, id=14096, stack(0x0000000026a50000,0x0000000026b50000)]
  0x00000000189f2800 JavaThread "stderr" [_thread_in_native, id=12664, stack(0x0000000026950000,0x0000000026a50000)]
  0x00000000189f1000 JavaThread "stdout" [_thread_in_native, id=14388, stack(0x0000000026850000,0x0000000026950000)]
  0x00000000189f0000 JavaThread "stderr" [_thread_in_native, id=13372, stack(0x0000000026750000,0x0000000026850000)]
  0x0000000019adb000 JavaThread "stdout" [_thread_in_native, id=14568, stack(0x0000000026650000,0x0000000026750000)]
  0x0000000019adc800 JavaThread "stderr" [_thread_in_native, id=12692, stack(0x0000000026550000,0x0000000026650000)]
  0x0000000019ade800 JavaThread "pool-10-thread-1" [_thread_blocked, id=14256, stack(0x0000000026070000,0x0000000026170000)]
=>0x000000001bb96800 JavaThread "WorkerExecutor Queue Thread 4" [_thread_in_Java, id=12956, stack(0x0000000025f70000,0x0000000026070000)]
  0x000000001bb93800 JavaThread "WorkerExecutor Queue Thread 3" [_thread_in_Java, id=9584, stack(0x0000000026450000,0x0000000026550000)]
  0x000000001bb9a800 JavaThread "WorkerExecutor Queue Thread 2" [_thread_blocked, id=14812, stack(0x0000000026350000,0x0000000026450000)]
  0x000000001bb99800 JavaThread "WorkerExecutor Queue" [_thread_blocked, id=4656, stack(0x0000000026250000,0x0000000026350000)]
  0x000000001bb98800 JavaThread "Cache worker for execution history cache (C:\AndroidStudioProjects\KotlinProjects\FirebaseMessenger\.gradle\5.4.1\executionHistory)" [_thread_blocked, id=14948, stack(0x0000000025c70000,0x0000000025d70000)]
  0x000000001bb95000 JavaThread "Execution worker for ':' Thread 3" [_thread_blocked, id=14720, stack(0x0000000025b70000,0x0000000025c70000)]
  0x000000001bb8c800 JavaThread "Execution worker for ':' Thread 2" [_thread_blocked, id=14316, stack(0x0000000025a70000,0x0000000025b70000)]
  0x000000001bb8c000 JavaThread "Execution worker for ':'" [_thread_blocked, id=2084, stack(0x0000000025970000,0x0000000025a70000)]
  0x000000001bb8b000 JavaThread "Cache worker for file content cache (C:\AndroidStudioProjects\KotlinProjects\FirebaseMessenger\.gradle\5.4.1\fileContent)" [_thread_blocked, id=6988, stack(0x0000000025870000,0x0000000025970000)]
  0x000000001bb8e000 JavaThread "Cache worker for Build Output Cleanup Cache (C:\AndroidStudioProjects\KotlinProjects\FirebaseMessenger\.gradle\buildOutputCleanup)" [_thread_blocked, id=13076, stack(0x0000000025670000,0x0000000025770000)]
  0x000000001bb92000 JavaThread "pool-9-thread-1" [_thread_blocked, id=10680, stack(0x0000000025570000,0x0000000025670000)]
  0x000000001bb8f800 JavaThread "Build operations Thread 4" [_thread_blocked, id=14736, stack(0x0000000025470000,0x0000000025570000)]
  0x000000001b931000 JavaThread "Build operations Thread 3" [_thread_blocked, id=12988, stack(0x0000000025370000,0x0000000025470000)]
  0x000000001b930000 JavaThread "Build operations Thread 2" [_thread_blocked, id=5964, stack(0x0000000025270000,0x0000000025370000)]
  0x000000001b92e800 JavaThread "Build operations" [_thread_blocked, id=13816, stack(0x00000000226f0000,0x00000000227f0000)]
  0x000000001b92f800 JavaThread "Cache worker for cache directory md-rule (C:\Users\Wanga\.gradle\caches\5.4.1\md-rule)" [_thread_blocked, id=14836, stack(0x00000000221b0000,0x00000000222b0000)]
  0x000000001b92e000 JavaThread "Cache worker for cache directory md-supplier (C:\Users\Wanga\.gradle\caches\5.4.1\md-supplier)" [_thread_blocked, id=15328, stack(0x00000000220b0000,0x00000000221b0000)]
  0x000000001b926800 JavaThread "Cache worker for file hash cache (C:\AndroidStudioProjects\KotlinProjects\FirebaseMessenger\.gradle\5.4.1\fileHashes)" [_thread_blocked, id=15336, stack(0x0000000021db0000,0x0000000021eb0000)]
  0x000000001b929800 JavaThread "Thread-111" [_thread_blocked, id=1756, stack(0x000000001e600000,0x000000001e700000)]
  0x000000001b92b000 JavaThread "Stdin handler" [_thread_blocked, id=12052, stack(0x000000001ab90000,0x000000001ac90000)]
  0x000000001b927000 JavaThread "Asynchronous log dispatcher for DefaultDaemonConnection: socket connection from /127.0.0.1:49838 to /127.0.0.1:50438" [_thread_blocked, id=15340, stack(0x000000001aa90000,0x000000001ab90000)]
  0x000000001b925800 JavaThread "Cancel handler" [_thread_blocked, id=14440, stack(0x0000000000f40000,0x0000000001040000)]
  0x000000001b923800 JavaThread "Handler for socket connection from /127.0.0.1:49838 to /127.0.0.1:50438" [_thread_in_native, id=14444, stack(0x0000000000e40000,0x0000000000f40000)]
  0x000000001bb90800 JavaThread "Daemon worker Thread 4" [_thread_blocked, id=11016, stack(0x000000001a590000,0x000000001a690000)]
  0x000000001bb8d800 JavaThread "Daemon Thread 4" [_thread_blocked, id=14036, stack(0x0000000000d40000,0x0000000000e40000)]
  0x000000001bb97000 JavaThread "Cache worker for file content cache (C:\Users\Wanga\.gradle\caches\5.4.1\fileContent)" [_thread_blocked, id=14592, stack(0x0000000025770000,0x0000000025870000)]
  0x000000001b925000 JavaThread "Memory manager" [_thread_blocked, id=11416, stack(0x0000000022ff0000,0x00000000230f0000)]
  0x000000001b922000 JavaThread "Cache worker for execution history cache (C:\Users\Wanga\.gradle\caches\5.4.1\executionHistory)" [_thread_blocked, id=5372, stack(0x00000000202a0000,0x00000000203a0000)]
  0x0000000019adb800 JavaThread "Cache worker for journal cache (C:\Users\Wanga\.gradle\caches\journal-1)" [_thread_blocked, id=4688, stack(0x000000001b090000,0x000000001b190000)]
  0x0000000019ade000 JavaThread "File lock request listener" [_thread_in_native, id=856, stack(0x000000001af90000,0x000000001b090000)]
  0x0000000019ae0000 JavaThread "Cache worker for file hash cache (C:\Users\Wanga\.gradle\caches\5.4.1\fileHashes)" [_thread_blocked, id=8460, stack(0x000000001ae90000,0x000000001af90000)]
  0x00000000195da800 JavaThread "Daemon periodic checks" [_thread_blocked, id=1080, stack(0x000000001a490000,0x000000001a590000)]
  0x00000000195b3800 JavaThread "Incoming local TCP Connector on port 49838" [_thread_in_native, id=5812, stack(0x000000001a250000,0x000000001a350000)]
  0x0000000019789800 JavaThread "Daemon health stats" [_thread_blocked, id=1228, stack(0x0000000019c10000,0x0000000019d10000)]
  0x000000001654e800 JavaThread "Service Thread" daemon [_thread_blocked, id=2228, stack(0x0000000018240000,0x0000000018340000)]
  0x0000000016501800 JavaThread "C1 CompilerThread2" daemon [_thread_blocked, id=7784, stack(0x0000000017d40000,0x0000000017e40000)]
  0x00000000164f2800 JavaThread "C2 CompilerThread1" daemon [_thread_in_native, id=8856, stack(0x0000000017c40000,0x0000000017d40000)]
  0x00000000164ed000 JavaThread "C2 CompilerThread0" daemon [_thread_in_native, id=11652, stack(0x0000000017b40000,0x0000000017c40000)]
  0x00000000164eb800 JavaThread "Attach Listener" daemon [_thread_blocked, id=716, stack(0x0000000017a40000,0x0000000017b40000)]
  0x00000000164ea000 JavaThread "Signal Dispatcher" daemon [_thread_blocked, id=1560, stack(0x0000000017940000,0x0000000017a40000)]
  0x0000000002b0b800 JavaThread "Finalizer" daemon [_thread_blocked, id=11540, stack(0x0000000017740000,0x0000000017840000)]
  0x00000000164d9000 JavaThread "Reference Handler" daemon [_thread_blocked, id=10404, stack(0x0000000017640000,0x0000000017740000)]
  0x0000000002a12800 JavaThread "main" [_thread_blocked, id=10476, stack(0x00000000028d0000,0x00000000029d0000)]

Other Threads:
  0x00000000164b8000 VMThread [stack: 0x0000000017540000,0x0000000017640000] [id=10420]
  0x0000000017e72800 WatcherThread [stack: 0x0000000018340000,0x0000000018440000] [id=2192]

VM state:not at safepoint (normal execution)

VM Mutex/Monitor currently owned by a thread: None

heap address: 0x00000000a0000000, size: 1536 MB, Compressed Oops mode: 32-bit
Narrow klass base: 0x0000000000000000, Narrow klass shift: 3
Compressed class space size: 1073741824 Address: 0x0000000100000000

Heap:
 PSYoungGen      total 229888K, used 126188K [0x00000000e0000000, 0x00000000f5100000, 0x0000000100000000)
  eden space 179712K, 42% used [0x00000000e0000000,0x00000000e4a3d128,0x00000000eaf80000)
  from space 50176K, 99% used [0x00000000ef300000,0x00000000f23fe288,0x00000000f2400000)
  to   space 69120K, 0% used [0x00000000eaf80000,0x00000000eaf80000,0x00000000ef300000)
 ParOldGen       total 282624K, used 92272K [0x00000000a0000000, 0x00000000b1400000, 0x00000000e0000000)
  object space 282624K, 32% used [0x00000000a0000000,0x00000000a5a1c380,0x00000000b1400000)
 Metaspace       used 84565K, capacity 88640K, committed 88792K, reserved 1126400K
  class space    used 11172K, capacity 11982K, committed 12032K, reserved 1048576K

Card table byte_map: [0x0000000011f40000,0x0000000012250000] byte_map_base: 0x0000000011a40000

Marking Bits: (ParMarkBitMap*) 0x0000000052139f30
 Begin Bits: [0x0000000012850000, 0x0000000014050000)
 End Bits:   [0x0000000014050000, 0x0000000015850000)

Polling page: 0x0000000000c20000

CodeCache: size=245760Kb used=44153Kb max_used=44556Kb free=201606Kb
 bounds [0x0000000002b80000, 0x0000000005770000, 0x0000000011b80000]
 total_blobs=13623 nmethods=12789 adapters=746
 compilation: enabled

Compilation events (10 events):
Event: 358.424 Thread 0x00000000164f2800 nmethod 15586 0x0000000005110050 code [0x00000000051101a0, 0x0000000005110258]
Event: 358.425 Thread 0x00000000164f2800 15616       4       java.nio.HeapByteBuffer::get (54 bytes)
Event: 358.425 Thread 0x0000000016501800 15620 %     3       com.android.tools.r8.graph.DexTypeList::a @ 2 (90 bytes)
Event: 358.426 Thread 0x0000000016501800 nmethod 15620% 0x0000000002fa3910 code [0x0000000002fa3ae0, 0x0000000002fa41f8]
Event: 358.426 Thread 0x0000000016501800 15621       3       com.android.tools.r8.graph.DexTypeList::a (90 bytes)
Event: 358.426 Thread 0x0000000016501800 nmethod 15621 0x0000000002fa2d50 code [0x0000000002fa2f00, 0x0000000002fa35b8]
Event: 358.427 Thread 0x00000000164f2800 nmethod 15616 0x0000000002fa2810 code [0x0000000002fa2960, 0x0000000002fa2b38]
Event: 358.427 Thread 0x00000000164f2800 15587   !   4       sun.nio.ch.FileChannelImpl::read (240 bytes)
Event: 358.428 Thread 0x0000000016501800 15622       3       com.google.common.collect.Maps$IteratorBasedAbstractMap::<init> (5 bytes)
Event: 358.428 Thread 0x0000000016501800 nmethod 15622 0x0000000004f92390 code [0x0000000004f92500, 0x0000000004f92710]

GC Heap History (10 events):
Event: 221.111 GC heap before
{Heap before GC invocations=17 (full 3):
 PSYoungGen      total 192512K, used 192494K [0x00000000e0000000, 0x00000000ef980000, 0x0000000100000000)
  eden space 161792K, 100% used [0x00000000e0000000,0x00000000e9e00000,0x00000000e9e00000)
  from space 30720K, 99% used [0x00000000e9e00000,0x00000000ebbfb9c0,0x00000000ebc00000)
  to   space 36864K, 0% used [0x00000000ed580000,0x00000000ed580000,0x00000000ef980000)
 ParOldGen       total 282624K, used 53677K [0x00000000a0000000, 0x00000000b1400000, 0x00000000e0000000)
  object space 282624K, 18% used [0x00000000a0000000,0x00000000a346b5d0,0x00000000b1400000)
 Metaspace       used 75041K, capacity 78416K, committed 78680K, reserved 1118208K
  class space    used 9916K, capacity 10594K, committed 10624K, reserved 1048576K
Event: 221.179 GC heap after
Heap after GC invocations=17 (full 3):
 PSYoungGen      total 214528K, used 28503K [0x00000000e0000000, 0x00000000ef980000, 0x0000000100000000)
  eden space 177664K, 0% used [0x00000000e0000000,0x00000000e0000000,0x00000000ead80000)
  from space 36864K, 77% used [0x00000000ed580000,0x00000000ef155da0,0x00000000ef980000)
  to   space 38912K, 0% used [0x00000000ead80000,0x00000000ead80000,0x00000000ed380000)
 ParOldGen       total 282624K, used 60981K [0x00000000a0000000, 0x00000000b1400000, 0x00000000e0000000)
  object space 282624K, 21% used [0x00000000a0000000,0x00000000a3b8d650,0x00000000b1400000)
 Metaspace       used 75041K, capacity 78416K, committed 78680K, reserved 1118208K
  class space    used 9916K, capacity 10594K, committed 10624K, reserved 1048576K
}
Event: 250.018 GC heap before
{Heap before GC invocations=18 (full 3):
 PSYoungGen      total 214528K, used 206167K [0x00000000e0000000, 0x00000000ef980000, 0x0000000100000000)
  eden space 177664K, 100% used [0x00000000e0000000,0x00000000ead80000,0x00000000ead80000)
  from space 36864K, 77% used [0x00000000ed580000,0x00000000ef155da0,0x00000000ef980000)
  to   space 38912K, 0% used [0x00000000ead80000,0x00000000ead80000,0x00000000ed380000)
 ParOldGen       total 282624K, used 60981K [0x00000000a0000000, 0x00000000b1400000, 0x00000000e0000000)
  object space 282624K, 21% used [0x00000000a0000000,0x00000000a3b8d650,0x00000000b1400000)
 Metaspace       used 76020K, capacity 79612K, committed 79960K, reserved 1118208K
  class space    used 10026K, capacity 10770K, committed 10880K, reserved 1048576K
Event: 250.061 GC heap after
Heap after GC invocations=18 (full 3):
 PSYoungGen      total 216576K, used 34654K [0x00000000e0000000, 0x00000000f0f80000, 0x0000000100000000)
  eden space 177664K, 0% used [0x00000000e0000000,0x00000000e0000000,0x00000000ead80000)
  from space 38912K, 89% used [0x00000000ead80000,0x00000000ecf57a20,0x00000000ed380000)
  to   space 43008K, 0% used [0x00000000ee580000,0x00000000ee580000,0x00000000f0f80000)
 ParOldGen       total 282624K, used 60989K [0x00000000a0000000, 0x00000000b1400000, 0x00000000e0000000)
  object space 282624K, 21% used [0x00000000a0000000,0x00000000a3b8f650,0x00000000b1400000)
 Metaspace       used 76020K, capacity 79612K, committed 79960K, reserved 1118208K
  class space    used 10026K, capacity 10770K, committed 10880K, reserved 1048576K
}
Event: 349.689 GC heap before
{Heap before GC invocations=19 (full 3):
 PSYoungGen      total 216576K, used 212318K [0x00000000e0000000, 0x00000000f0f80000, 0x0000000100000000)
  eden space 177664K, 100% used [0x00000000e0000000,0x00000000ead80000,0x00000000ead80000)
  from space 38912K, 89% used [0x00000000ead80000,0x00000000ecf57a20,0x00000000ed380000)
  to   space 43008K, 0% used [0x00000000ee580000,0x00000000ee580000,0x00000000f0f80000)
 ParOldGen       total 282624K, used 60989K [0x00000000a0000000, 0x00000000b1400000, 0x00000000e0000000)
  object space 282624K, 21% used [0x00000000a0000000,0x00000000a3b8f650,0x00000000b1400000)
 Metaspace       used 76607K, capacity 80330K, committed 80472K, reserved 1118208K
  class space    used 10086K, capacity 10845K, committed 10880K, reserved 1048576K
Event: 349.742 GC heap after
Heap after GC invocations=19 (full 3):
 PSYoungGen      total 231936K, used 34798K [0x00000000e0000000, 0x00000000f1300000, 0x0000000100000000)
  eden space 188928K, 0% used [0x00000000e0000000,0x00000000e0000000,0x00000000eb880000)
  from space 43008K, 80% used [0x00000000ee580000,0x00000000f077ba30,0x00000000f0f80000)
  to   space 46080K, 0% used [0x00000000eb880000,0x00000000eb880000,0x00000000ee580000)
 ParOldGen       total 282624K, used 60997K [0x00000000a0000000, 0x00000000b1400000, 0x00000000e0000000)
  object space 282624K, 21% used [0x00000000a0000000,0x00000000a3b91650,0x00000000b1400000)
 Metaspace       used 76607K, capacity 80330K, committed 80472K, reserved 1118208K
  class space    used 10086K, capacity 10845K, committed 10880K, reserved 1048576K
}
Event: 353.781 GC heap before
{Heap before GC invocations=20 (full 3):
 PSYoungGen      total 231936K, used 223725K [0x00000000e0000000, 0x00000000f1300000, 0x0000000100000000)
  eden space 188928K, 99% used [0x00000000e0000000,0x00000000eb87fd98,0x00000000eb880000)
  from space 43008K, 80% used [0x00000000ee580000,0x00000000f077ba30,0x00000000f0f80000)
  to   space 46080K, 0% used [0x00000000eb880000,0x00000000eb880000,0x00000000ee580000)
 ParOldGen       total 282624K, used 60997K [0x00000000a0000000, 0x00000000b1400000, 0x00000000e0000000)
  object space 282624K, 21% used [0x00000000a0000000,0x00000000a3b91650,0x00000000b1400000)
 Metaspace       used 78443K, capacity 82212K, committed 82520K, reserved 1120256K
  class space    used 10261K, capacity 11030K, committed 11136K, reserved 1048576K
Event: 353.823 GC heap after
Heap after GC invocations=20 (full 3):
 PSYoungGen      total 235008K, used 38488K [0x00000000e0000000, 0x00000000f2400000, 0x0000000100000000)
  eden space 188928K, 0% used [0x00000000e0000000,0x00000000e0000000,0x00000000eb880000)
  from space 46080K, 83% used [0x00000000eb880000,0x00000000ede163a0,0x00000000ee580000)
  to   space 50176K, 0% used [0x00000000ef300000,0x00000000ef300000,0x00000000f2400000)
 ParOldGen       total 282624K, used 61005K [0x00000000a0000000, 0x00000000b1400000, 0x00000000e0000000)
  object space 282624K, 21% used [0x00000000a0000000,0x00000000a3b93650,0x00000000b1400000)
 Metaspace       used 78443K, capacity 82212K, committed 82520K, reserved 1120256K
  class space    used 10261K, capacity 11030K, committed 11136K, reserved 1048576K
}
Event: 357.453 GC heap before
{Heap before GC invocations=21 (full 3):
 PSYoungGen      total 235008K, used 227392K [0x00000000e0000000, 0x00000000f2400000, 0x0000000100000000)
  eden space 188928K, 99% used [0x00000000e0000000,0x00000000eb879db8,0x00000000eb880000)
  from space 46080K, 83% used [0x00000000eb880000,0x00000000ede163a0,0x00000000ee580000)
  to   space 50176K, 0% used [0x00000000ef300000,0x00000000ef300000,0x00000000f2400000)
 ParOldGen       total 282624K, used 61005K [0x00000000a0000000, 0x00000000b1400000, 0x00000000e0000000)
  object space 282624K, 21% used [0x00000000a0000000,0x00000000a3b93650,0x00000000b1400000)
 Metaspace       used 83491K, capacity 87568K, committed 87640K, reserved 1124352K
  class space    used 11019K, capacity 11844K, committed 11904K, reserved 1048576K
Event: 357.588 GC heap after
Heap after GC invocations=21 (full 3):
 PSYoungGen      total 229888K, used 50168K [0x00000000e0000000, 0x00000000f5100000, 0x0000000100000000)
  eden space 179712K, 0% used [0x00000000e0000000,0x00000000e0000000,0x00000000eaf80000)
  from space 50176K, 99% used [0x00000000ef300000,0x00000000f23fe288,0x00000000f2400000)
  to   space 69120K, 0% used [0x00000000eaf80000,0x00000000eaf80000,0x00000000ef300000)
 ParOldGen       total 282624K, used 92272K [0x00000000a0000000, 0x00000000b1400000, 0x00000000e0000000)
  object space 282624K, 32% used [0x00000000a0000000,0x00000000a5a1c380,0x00000000b1400000)
 Metaspace       used 83491K, capacity 87568K, committed 87640K, reserved 1124352K
  class space    used 11019K, capacity 11844K, committed 11904K, reserved 1048576K
}

Deoptimization events (10 events):
Event: 357.148 Thread 0x00000000189ee800 Uncommon trap: reason=unstable_if action=reinterpret pc=0x00000000030ef670 method=java.util.Arrays.hashCode([Ljava/lang/Object;)I @ 1
Event: 357.148 Thread 0x00000000189f6000 Uncommon trap: reason=unstable_if action=reinterpret pc=0x00000000030ef670 method=java.util.Arrays.hashCode([Ljava/lang/Object;)I @ 1
Event: 357.148 Thread 0x00000000189ef800 Uncommon trap: reason=unstable_if action=reinterpret pc=0x00000000030ef670 method=java.util.Arrays.hashCode([Ljava/lang/Object;)I @ 1
Event: 357.156 Thread 0x00000000189fb800 Uncommon trap: reason=unstable_if action=reinterpret pc=0x0000000004ba7c50 method=com.android.tools.r8.n.a.a.a.g.f0.get(I)Ljava/lang/Object; @ 1
Event: 357.246 Thread 0x00000000189ee800 Uncommon trap: reason=unstable_if action=reinterpret pc=0x0000000005659640 method=com.android.tools.r8.n.a.a.a.g.f0.get(I)Ljava/lang/Object; @ 8
Event: 357.331 Thread 0x00000000189ef800 Uncommon trap: reason=unstable_if action=reinterpret pc=0x00000000056bab74 method=com.android.tools.r8.graph.DexString.slowCompareTo(Lcom/android/tools/r8/graph/DexString;)I @ 46
Event: 357.623 Thread 0x00000000189ef800 Uncommon trap: reason=unloaded action=reinterpret pc=0x000000000573a464 method=com.android.tools.r8.code.InstructionFactory.readSequenceFrom(Ljava/nio/ShortBuffer;IILcom/android/tools/r8/graph/OffsetToObjectMapping;)[Lcom/android/tools/r8/code/Instruction
Event: 358.222 Thread 0x000000001bb96800 Uncommon trap: reason=unstable_if action=reinterpret pc=0x0000000002f36ff0 method=com.android.tools.r8.graph.DexString.slowCompareTo(Lcom/android/tools/r8/graph/DexString;)I @ 80
Event: 358.366 Thread 0x000000001bb96800 Uncommon trap: reason=unstable_if action=reinterpret pc=0x00000000049cd204 method=java.util.concurrent.ConcurrentHashMap$Traverser.advance()Ljava/util/concurrent/ConcurrentHashMap$Node; @ 84
Event: 358.367 Thread 0x000000001bb96800 Uncommon trap: reason=unstable_if action=reinterpret pc=0x00000000049cd7f4 method=java.util.concurrent.ConcurrentHashMap$Traverser.advance()Ljava/util/concurrent/ConcurrentHashMap$Node; @ 84

Classes redefined (0 events):
No events

Internal exceptions (10 events):
Event: 356.326 Thread 0x000000001bb96800 Exception <a 'sun/nio/fs/WindowsException'> (0x00000000e5f57cb0) thrown at [D:\src\AOSP-openjdk-cygwin\jdk8u\hotspot\src\share\vm\prims\jni.cpp, line 710]
Event: 356.689 Thread 0x000000001bb8c800 Exception <a 'java/lang/NoSuchMethodError': <clinit>> (0x00000000e78c49f8) thrown at [D:\src\AOSP-openjdk-cygwin\jdk8u\hotspot\src\share\vm\prims\jni.cpp, line 1614]
Event: 356.720 Thread 0x000000001bb8c800 Exception <a 'java/lang/NoSuchMethodError': <clinit>> (0x00000000e7b59118) thrown at [D:\src\AOSP-openjdk-cygwin\jdk8u\hotspot\src\share\vm\prims\jni.cpp, line 1614]
Event: 356.735 Thread 0x000000001bb93800 Exception <a 'java/lang/NoSuchMethodError': java.lang.Object.lambda$asRunnable$0(Lcom/android/tools/build/apkzlib/utils/IOExceptionRunnable;)V> (0x00000000e7f62d08) thrown at [D:\src\AOSP-openjdk-cygwin\jdk8u\hotspot\src\share\vm\interpreter\linkResolver.
Event: 356.800 Thread 0x000000001bb93800 Exception <a 'java/lang/NoSuchMethodError': java.lang.Object.lambda$and$0(Ljava/util/function/Predicate;Ljava/lang/Object;)Z> (0x00000000e85f7d50) thrown at [D:\src\AOSP-openjdk-cygwin\jdk8u\hotspot\src\share\vm\interpreter\linkResolver.cpp, line 620]
Event: 356.849 Thread 0x000000001bb93800 Exception <a 'java/lang/NoSuchMethodError': java.lang.Object.newSystemTemporaryDirectory()Lcom/android/tools/build/apkzlib/bytestorage/TemporaryDirectory;> (0x00000000e8b76220) thrown at [D:\src\AOSP-openjdk-cygwin\jdk8u\hotspot\src\share\vm\interpreter\l
Event: 357.148 Thread 0x00000000189fb800 Implicit null exception at 0x00000000030ef56f to 0x00000000030ef661
Event: 357.148 Thread 0x00000000189ee800 Implicit null exception at 0x00000000030ef56f to 0x00000000030ef661
Event: 357.148 Thread 0x00000000189ef800 Implicit null exception at 0x00000000030ef56f to 0x00000000030ef661
Event: 357.148 Thread 0x00000000189f6000 Implicit null exception at 0x00000000030ef56f to 0x00000000030ef661

Events (10 events):
Event: 358.404 Thread 0x000000001bb96800 DEOPT PACKING pc=0x00000000036245c6 sp=0x000000002606d830
Event: 358.404 Thread 0x000000001bb96800 DEOPT UNPACKING pc=0x0000000002bc75d0 sp=0x000000002606d5a8 mode 0
Event: 358.411 Thread 0x000000001bb96800 DEOPT PACKING pc=0x000000000541d6f6 sp=0x000000002606d900
Event: 358.411 Thread 0x000000001bb96800 DEOPT UNPACKING pc=0x0000000002bc75d0 sp=0x000000002606d658 mode 0
Event: 358.417 Thread 0x000000001bb96800 DEOPT PACKING pc=0x00000000036245c6 sp=0x000000002606d860
Event: 358.417 Thread 0x000000001bb96800 DEOPT UNPACKING pc=0x0000000002bc75d0 sp=0x000000002606d5d8 mode 0
Event: 358.419 Thread 0x000000001bb96800 DEOPT PACKING pc=0x00000000036245c6 sp=0x000000002606d860
Event: 358.419 Thread 0x000000001bb96800 DEOPT UNPACKING pc=0x0000000002bc75d0 sp=0x000000002606d5d8 mode 0
Event: 358.426 Thread 0x000000001bb96800 DEOPT PACKING pc=0x000000000511073b sp=0x000000002606d740
Event: 358.426 Thread 0x000000001bb96800 DEOPT UNPACKING pc=0x0000000002bc75d0 sp=0x000000002606d488 mode 0


Dynamic libraries:
0x00007ff7c1720000 - 0x00007ff7c1751000 	C:\Program Files\Android\Android Studio\jre\bin\java.exe
0x00007ff828500000 - 0x00007ff8286f0000 	C:\WINDOWS\SYSTEM32\ntdll.dll
0x00007ff8282e0000 - 0x00007ff828392000 	C:\WINDOWS\System32\KERNEL32.DLL
0x00007ff825760000 - 0x00007ff825a03000 	C:\WINDOWS\System32\KERNELBASE.dll
0x00007ff827760000 - 0x00007ff827803000 	C:\WINDOWS\System32\ADVAPI32.dll
0x00007ff826fb0000 - 0x00007ff82704e000 	C:\WINDOWS\System32\msvcrt.dll
0x00007ff8276c0000 - 0x00007ff827757000 	C:\WINDOWS\System32\sechost.dll
0x00007ff828150000 - 0x00007ff828270000 	C:\WINDOWS\System32\RPCRT4.dll
0x00007ff827120000 - 0x00007ff8272b4000 	C:\WINDOWS\System32\USER32.dll
0x00007ff825a10000 - 0x00007ff825a31000 	C:\WINDOWS\System32\win32u.dll
0x00007ff827820000 - 0x00007ff827846000 	C:\WINDOWS\System32\GDI32.dll
0x00007ff825a40000 - 0x00007ff825bd4000 	C:\WINDOWS\System32\gdi32full.dll
0x00007ff825510000 - 0x00007ff8255ae000 	C:\WINDOWS\System32\msvcp_win.dll
0x00007ff825660000 - 0x00007ff82575a000 	C:\WINDOWS\System32\ucrtbase.dll
0x00007ff8248e0000 - 0x00007ff824b65000 	C:\WINDOWS\WinSxS\amd64_microsoft.windows.common-controls_6595b64144ccf1df_6.0.18362.592_none_e6c0b1911312be02\COMCTL32.dll
0x00007ff827380000 - 0x00007ff8276b6000 	C:\WINDOWS\System32\combase.dll
0x00007ff825490000 - 0x00007ff825510000 	C:\WINDOWS\System32\bcryptPrimitives.dll
0x00007ff828120000 - 0x00007ff82814e000 	C:\WINDOWS\System32\IMM32.DLL
0x00000000516e0000 - 0x00000000517b2000 	C:\Program Files\Android\Android Studio\jre\jre\bin\msvcr100.dll
0x0000000051970000 - 0x00000000521b6000 	C:\Program Files\Android\Android Studio\jre\jre\bin\server\jvm.dll
0x00007ff826a20000 - 0x00007ff826a28000 	C:\WINDOWS\System32\PSAPI.DLL
0x00007ff8223c0000 - 0x00007ff8223e4000 	C:\WINDOWS\SYSTEM32\WINMM.dll
0x00007ff823870000 - 0x00007ff823879000 	C:\WINDOWS\SYSTEM32\WSOCK32.dll
0x00007ff81ca40000 - 0x00007ff81ca4a000 	C:\WINDOWS\SYSTEM32\VERSION.dll
0x00007ff828270000 - 0x00007ff8282df000 	C:\WINDOWS\System32\WS2_32.dll
0x00007ff822020000 - 0x00007ff82204d000 	C:\WINDOWS\SYSTEM32\WINMMBASE.dll
0x00007ff826560000 - 0x00007ff8265aa000 	C:\WINDOWS\System32\cfgmgr32.dll
0x00007ff823780000 - 0x00007ff82378f000 	C:\Program Files\Android\Android Studio\jre\jre\bin\verify.dll
0x00007ff823750000 - 0x00007ff823779000 	C:\Program Files\Android\Android Studio\jre\jre\bin\java.dll
0x00007ff80ea60000 - 0x00007ff80ea76000 	C:\Program Files\Android\Android Studio\jre\jre\bin\zip.dll
0x00007ff827850000 - 0x00007ff827f35000 	C:\WINDOWS\System32\SHELL32.dll
0x00007ff828410000 - 0x00007ff8284b9000 	C:\WINDOWS\System32\shcore.dll
0x00007ff825c10000 - 0x00007ff82638f000 	C:\WINDOWS\System32\windows.storage.dll
0x00007ff825420000 - 0x00007ff82543f000 	C:\WINDOWS\System32\profapi.dll
0x00007ff825440000 - 0x00007ff82548a000 	C:\WINDOWS\System32\powrprof.dll
0x00007ff8253d0000 - 0x00007ff8253e0000 	C:\WINDOWS\System32\UMPDC.dll
0x00007ff827320000 - 0x00007ff827372000 	C:\WINDOWS\System32\shlwapi.dll
0x00007ff8253e0000 - 0x00007ff8253f1000 	C:\WINDOWS\System32\kernel.appcore.dll
0x00007ff826390000 - 0x00007ff8263a7000 	C:\WINDOWS\System32\cryptsp.dll
0x00007ff80ea40000 - 0x00007ff80ea5a000 	C:\Program Files\Android\Android Studio\jre\jre\bin\net.dll
0x00007ff8245c0000 - 0x00007ff824627000 	C:\WINDOWS\system32\mswsock.dll
0x00007ff80e9d0000 - 0x00007ff80e9e1000 	C:\Program Files\Android\Android Studio\jre\jre\bin\nio.dll
0x00007fffebd60000 - 0x00007fffebd86000 	C:\Users\Wanga\.gradle\native\29\windows-amd64\native-platform.dll
0x00007ff81a2c0000 - 0x00007ff81a2cd000 	C:\Program Files\Android\Android Studio\jre\jre\bin\management.dll
0x00007ff824130000 - 0x00007ff824163000 	C:\WINDOWS\system32\rsaenh.dll
0x00007ff825be0000 - 0x00007ff825c06000 	C:\WINDOWS\System32\bcrypt.dll
0x00007ff8252c0000 - 0x00007ff8252e5000 	C:\WINDOWS\SYSTEM32\USERENV.dll
0x00007ff824790000 - 0x00007ff82479c000 	C:\WINDOWS\SYSTEM32\CRYPTBASE.dll
0x00007ff8242d0000 - 0x00007ff82430a000 	C:\WINDOWS\SYSTEM32\IPHLPAPI.DLL
0x00007ff827810000 - 0x00007ff827818000 	C:\WINDOWS\System32\NSI.dll
0x00007ff814ee0000 - 0x00007ff814ef6000 	C:\WINDOWS\SYSTEM32\dhcpcsvc6.DLL
0x00007ff815250000 - 0x00007ff81526c000 	C:\WINDOWS\SYSTEM32\dhcpcsvc.DLL
0x00007ff824310000 - 0x00007ff8243da000 	C:\WINDOWS\SYSTEM32\DNSAPI.dll
0x00007ff822770000 - 0x00007ff8227ff000 	C:\WINDOWS\system32\apphelp.dll
0x00007ff824ef0000 - 0x00007ff8250e4000 	C:\WINDOWS\SYSTEM32\dbghelp.dll

VM Arguments:
jvm_args: -Xmx1536m -Dfile.encoding=windows-1252 -Duser.country=GB -Duser.language=en -Duser.variant 
java_command: org.gradle.launcher.daemon.bootstrap.GradleDaemon 5.4.1
java_class_path (initial): C:\Users\Wanga\.gradle\wrapper\dists\gradle-5.4.1-all\3221gyojl5jsh0helicew7rwx\gradle-5.4.1\lib\gradle-launcher-5.4.1.jar
Launcher Type: SUN_STANDARD

Environment Variables:
PATH=C:\Program Files (x86)\Common Files\Oracle\Java\javapath;C:\Program Files (x86)\Intel\iCLS Client\;C:\Program Files\Intel\iCLS Client\;C:\Windows\system32;C:\Windows;C:\Windows\System32\Wbem;C:\Windows\System32\WindowsPowerShell\v1.0\;C:\Program Files (x86)\NVIDIA Corporation\PhysX\Common;C:\Program Files (x86)\Intel\Intel(R) Management Engine Components\DAL;C:\Program Files\Intel\Intel(R) Management Engine Components\DAL;C:\Program Files (x86)\Intel\Intel(R) Management Engine Components\IPT;C:\Program Files\Intel\Intel(R) Management Engine Components\IPT;C:\WINDOWS\system32;C:\WINDOWS;C:\WINDOWS\System32\Wbem;C:\WINDOWS\System32\WindowsPowerShell\v1.0\;C:\WINDOWS\System32\OpenSSH\;C:\Program Files\Git\cmd;C:\xampp\php;C:\ProgramData\ComposerSetup\bin;C:\Program Files\Intel\WiFi\bin\;C:\Program Files\Common Files\Intel\WirelessCommon\;C:\Program Files\Dart\dart-sdk\bin;C:\Users\Wanga\Documents\Development\tools\flutter\bin;C:\Program Files (x86)\AOMEI Backupper;C:\Users\Wanga\Documents\Development\tools\tools;C:\Users\Wanga\AppData\Local\Programs\Python\Python36-32;C:\Users\Wanga\AppData\Local\Programs\Python\Python36-32\Scripts;C:\Program Files\Java\jdk1.8.0_231\bin;;C:\Program Files\NVIDIA Corporation\NVIDIA NvDLISR;C:\Users\Wanga\AppData\Local\Microsoft\WindowsApps;C:\Users\Wanga\AppData\Roaming\Composer\vendor\bin;C:\Program Files\heroku\bin;C:\Users\Wanga\Documents\Development\tools\flutter\bin;C:\Users\Wanga\Documents\Development\tools\android-sdk;C:\Program Files\JetBrains\PyCharm Community Edition 2019.2\bin;;C:\Exercism;C:\Users\Wanga\AppData\Local\Programs\Microsoft VS Code\bin;;C:\Program Files\JetBrains\IntelliJ IDEA Community Edition 2019.3\bin;
USERNAME=Wanga
OS=Windows_NT
PROCESSOR_IDENTIFIER=Intel64 Family 6 Model 61 Stepping 4, GenuineIntel



---------------  S Y S T E M  ---------------

OS: Windows 10.0 , 64 bit Build 18362 (10.0.18362.329)

CPU:total 4 (initial active 4) (2 cores per cpu, 2 threads per core) family 6 model 61 stepping 4, cmov, cx8, fxsr, mmx, sse, sse2, sse3, ssse3, sse4.1, sse4.2, popcnt, avx, avx2, aes, clmul, erms, 3dnowpref, lzcnt, ht, tsc, tscinvbit, bmi1, bmi2, adx

Memory: 4k page, physical 16692244k(9379640k free), swap 19837972k(11464296k free)

vm_info: OpenJDK 64-Bit Server VM (25.202-b03) for windows-amd64 JRE (1.8.0_202-release-1483-b03), built by "builder" with MS VC++ 10.0 (VS2010)

time: Tue Feb 04 10:16:31 2020
timezone: E. Africa Standard Time
elapsed time: 358 seconds (0d 0h 5m 58s)

